2014-10-08 16:21:12,818 [Worker-1] INFO  o.e.m.c.i.e.AbstractTransferListenerAdapter - Downloaded https://oss.sonatype.org/content/repositories/comgoogleappengine-1004/org/apache/maven/plugins/maven-clean-plugin/2.5/maven-clean-plugin-2.5.jar
2014-10-08 16:21:13,430 [Worker-1] INFO  o.e.m.c.i.e.AbstractTransferListenerAdapter - Downloading http://repo.maven.apache.org/maven2/org/apache/maven/plugins/maven-clean-plugin/2.5/maven-clean-plugin-2.5.jar
2014-10-08 16:21:13,500 [Worker-1] INFO  o.e.m.c.i.e.AbstractTransferListenerAdapter - Downloaded http://repo.maven.apache.org/maven2/org/apache/maven/plugins/maven-clean-plugin/2.5/maven-clean-plugin-2.5.jar
2014-10-08 16:21:13,948 [Worker-1] INFO  o.e.m.c.i.e.AbstractTransferListenerAdapter - Downloaded https://oss.sonatype.org/content/repositories/comgoogleappengine-1004/org/apache/maven/plugins/maven-compiler-plugin/2.5.1/maven-compiler-plugin-2.5.1.jar
2014-10-08 16:21:13,971 [Worker-1] INFO  o.e.m.c.i.e.AbstractTransferListenerAdapter - Downloading http://repo.maven.apache.org/maven2/org/apache/maven/plugins/maven-compiler-plugin/2.5.1/maven-compiler-plugin-2.5.1.jar
2014-10-08 16:21:14,028 [Worker-1] INFO  o.e.m.c.i.e.AbstractTransferListenerAdapter - Downloaded http://repo.maven.apache.org/maven2/org/apache/maven/plugins/maven-compiler-plugin/2.5.1/maven-compiler-plugin-2.5.1.jar
2014-10-08 16:21:14,432 [Worker-1] INFO  o.e.m.c.i.e.AbstractTransferListenerAdapter - Downloaded https://oss.sonatype.org/content/repositories/comgoogleappengine-1004/org/apache/maven/plugins/maven-install-plugin/2.4/maven-install-plugin-2.4.jar
2014-10-08 16:21:14,456 [Worker-1] INFO  o.e.m.c.i.e.AbstractTransferListenerAdapter - Downloading http://repo.maven.apache.org/maven2/org/apache/maven/plugins/maven-install-plugin/2.4/maven-install-plugin-2.4.jar
2014-10-08 16:21:14,509 [Worker-1] INFO  o.e.m.c.i.e.AbstractTransferListenerAdapter - Downloaded http://repo.maven.apache.org/maven2/org/apache/maven/plugins/maven-install-plugin/2.4/maven-install-plugin-2.4.jar
2014-10-08 16:21:14,926 [Worker-1] INFO  o.e.m.c.i.e.AbstractTransferListenerAdapter - Downloaded https://oss.sonatype.org/content/repositories/comgoogleappengine-1004/org/apache/maven/plugins/maven-deploy-plugin/2.7/maven-deploy-plugin-2.7.jar
2014-10-08 16:21:14,947 [Worker-1] INFO  o.e.m.c.i.e.AbstractTransferListenerAdapter - Downloading http://repo.maven.apache.org/maven2/org/apache/maven/plugins/maven-deploy-plugin/2.7/maven-deploy-plugin-2.7.jar
2014-10-08 16:21:14,989 [Worker-1] INFO  o.e.m.c.i.e.AbstractTransferListenerAdapter - Downloaded http://repo.maven.apache.org/maven2/org/apache/maven/plugins/maven-deploy-plugin/2.7/maven-deploy-plugin-2.7.jar
2014-10-08 16:21:15,396 [Worker-1] INFO  o.e.m.c.i.e.AbstractTransferListenerAdapter - Downloaded https://oss.sonatype.org/content/repositories/comgoogleappengine-1004/org/apache/maven/plugins/maven-site-plugin/3.3/maven-site-plugin-3.3.jar
2014-10-08 16:21:15,417 [Worker-1] INFO  o.e.m.c.i.e.AbstractTransferListenerAdapter - Downloading http://repo.maven.apache.org/maven2/org/apache/maven/plugins/maven-site-plugin/3.3/maven-site-plugin-3.3.jar
2014-10-08 16:21:15,511 [Worker-1] INFO  o.e.m.c.i.e.AbstractTransferListenerAdapter - Downloaded http://repo.maven.apache.org/maven2/org/apache/maven/plugins/maven-site-plugin/3.3/maven-site-plugin-3.3.jar
2014-10-08 16:21:15,918 [Worker-1] INFO  o.e.m.c.i.e.AbstractTransferListenerAdapter - Downloaded https://oss.sonatype.org/content/repositories/comgoogleappengine-1004/org/apache/maven/plugins/maven-compiler-plugin/2.5.1/maven-compiler-plugin-2.5.1.pom
2014-10-08 16:21:15,940 [Worker-1] INFO  o.e.m.c.i.e.AbstractTransferListenerAdapter - Downloading http://repo.maven.apache.org/maven2/org/apache/maven/plugins/maven-compiler-plugin/2.5.1/maven-compiler-plugin-2.5.1.pom
2014-10-08 16:21:15,977 [Worker-1] INFO  o.e.m.c.i.e.AbstractTransferListenerAdapter - Downloaded http://repo.maven.apache.org/maven2/org/apache/maven/plugins/maven-compiler-plugin/2.5.1/maven-compiler-plugin-2.5.1.pom
2014-10-08 16:21:16,405 [Worker-1] INFO  o.e.m.c.i.e.AbstractTransferListenerAdapter - Downloaded https://oss.sonatype.org/content/repositories/comgoogleappengine-1004/org/apache/maven/plugins/maven-plugins/22/maven-plugins-22.pom
2014-10-08 16:21:16,427 [Worker-1] INFO  o.e.m.c.i.e.AbstractTransferListenerAdapter - Downloading http://repo.maven.apache.org/maven2/org/apache/maven/plugins/maven-plugins/22/maven-plugins-22.pom
2014-10-08 16:21:16,465 [Worker-1] INFO  o.e.m.c.i.e.AbstractTransferListenerAdapter - Downloaded http://repo.maven.apache.org/maven2/org/apache/maven/plugins/maven-plugins/22/maven-plugins-22.pom
2014-10-08 16:21:17,108 [Worker-1] INFO  o.e.m.c.i.e.AbstractTransferListenerAdapter - Downloaded https://oss.sonatype.org/content/repositories/comgoogleappengine-1004/org/codehaus/plexus/plexus-compiler-api/1.9.1/plexus-compiler-api-1.9.1.pom
2014-10-08 16:21:17,130 [Worker-1] INFO  o.e.m.c.i.e.AbstractTransferListenerAdapter - Downloading http://repo.maven.apache.org/maven2/org/codehaus/plexus/plexus-compiler-api/1.9.1/plexus-compiler-api-1.9.1.pom
2014-10-08 16:21:17,183 [Worker-1] INFO  o.e.m.c.i.e.AbstractTransferListenerAdapter - Downloaded http://repo.maven.apache.org/maven2/org/codehaus/plexus/plexus-compiler-api/1.9.1/plexus-compiler-api-1.9.1.pom
2014-10-08 16:21:17,605 [Worker-1] INFO  o.e.m.c.i.e.AbstractTransferListenerAdapter - Downloaded https://oss.sonatype.org/content/repositories/comgoogleappengine-1004/org/codehaus/plexus/plexus-compiler/1.9.1/plexus-compiler-1.9.1.pom
2014-10-08 16:21:17,627 [Worker-1] INFO  o.e.m.c.i.e.AbstractTransferListenerAdapter - Downloading http://repo.maven.apache.org/maven2/org/codehaus/plexus/plexus-compiler/1.9.1/plexus-compiler-1.9.1.pom
2014-10-08 16:21:17,665 [Worker-1] INFO  o.e.m.c.i.e.AbstractTransferListenerAdapter - Downloaded http://repo.maven.apache.org/maven2/org/codehaus/plexus/plexus-compiler/1.9.1/plexus-compiler-1.9.1.pom
2014-10-08 16:21:18,065 [Worker-1] INFO  o.e.m.c.i.e.AbstractTransferListenerAdapter - Downloaded https://oss.sonatype.org/content/repositories/comgoogleappengine-1004/org/codehaus/plexus/plexus-compiler-manager/1.9.1/plexus-compiler-manager-1.9.1.pom
2014-10-08 16:21:18,088 [Worker-1] INFO  o.e.m.c.i.e.AbstractTransferListenerAdapter - Downloading http://repo.maven.apache.org/maven2/org/codehaus/plexus/plexus-compiler-manager/1.9.1/plexus-compiler-manager-1.9.1.pom
2014-10-08 16:21:18,124 [Worker-1] INFO  o.e.m.c.i.e.AbstractTransferListenerAdapter - Downloaded http://repo.maven.apache.org/maven2/org/codehaus/plexus/plexus-compiler-manager/1.9.1/plexus-compiler-manager-1.9.1.pom
2014-10-08 16:21:18,552 [Worker-1] INFO  o.e.m.c.i.e.AbstractTransferListenerAdapter - Downloaded https://oss.sonatype.org/content/repositories/comgoogleappengine-1004/org/codehaus/plexus/plexus-compiler-javac/1.9.1/plexus-compiler-javac-1.9.1.pom
2014-10-08 16:21:18,573 [Worker-1] INFO  o.e.m.c.i.e.AbstractTransferListenerAdapter - Downloading http://repo.maven.apache.org/maven2/org/codehaus/plexus/plexus-compiler-javac/1.9.1/plexus-compiler-javac-1.9.1.pom
2014-10-08 16:21:18,610 [Worker-1] INFO  o.e.m.c.i.e.AbstractTransferListenerAdapter - Downloaded http://repo.maven.apache.org/maven2/org/codehaus/plexus/plexus-compiler-javac/1.9.1/plexus-compiler-javac-1.9.1.pom
2014-10-08 16:21:18,996 [Worker-1] INFO  o.e.m.c.i.e.AbstractTransferListenerAdapter - Downloaded https://oss.sonatype.org/content/repositories/comgoogleappengine-1004/org/codehaus/plexus/plexus-compilers/1.9.1/plexus-compilers-1.9.1.pom
2014-10-08 16:21:19,018 [Worker-1] INFO  o.e.m.c.i.e.AbstractTransferListenerAdapter - Downloading http://repo.maven.apache.org/maven2/org/codehaus/plexus/plexus-compilers/1.9.1/plexus-compilers-1.9.1.pom
2014-10-08 16:21:19,054 [Worker-1] INFO  o.e.m.c.i.e.AbstractTransferListenerAdapter - Downloaded http://repo.maven.apache.org/maven2/org/codehaus/plexus/plexus-compilers/1.9.1/plexus-compilers-1.9.1.pom
2014-10-08 16:21:19,494 [Worker-1] INFO  o.e.m.c.i.e.AbstractTransferListenerAdapter - Downloaded https://oss.sonatype.org/content/repositories/comgoogleappengine-1004/org/codehaus/plexus/plexus-utils/3.0/plexus-utils-3.0.jar
2014-10-08 16:21:19,910 [Worker-1] INFO  o.e.m.c.i.e.AbstractTransferListenerAdapter - Downloaded https://oss.sonatype.org/content/repositories/comgoogleappengine-1004/org/codehaus/plexus/plexus-compiler-api/1.9.1/plexus-compiler-api-1.9.1.jar
2014-10-08 16:21:20,295 [Worker-1] INFO  o.e.m.c.i.e.AbstractTransferListenerAdapter - Downloaded https://oss.sonatype.org/content/repositories/comgoogleappengine-1004/org/codehaus/plexus/plexus-compiler-manager/1.9.1/plexus-compiler-manager-1.9.1.jar
2014-10-08 16:21:20,735 [Worker-1] INFO  o.e.m.c.i.e.AbstractTransferListenerAdapter - Downloaded https://oss.sonatype.org/content/repositories/comgoogleappengine-1004/org/codehaus/plexus/plexus-compiler-javac/1.9.1/plexus-compiler-javac-1.9.1.jar
2014-10-08 16:21:20,758 [Worker-1] INFO  o.e.m.c.i.e.AbstractTransferListenerAdapter - Downloading http://repo.maven.apache.org/maven2/org/codehaus/plexus/plexus-utils/3.0/plexus-utils-3.0.jar
2014-10-08 16:21:20,908 [Worker-1] INFO  o.e.m.c.i.e.AbstractTransferListenerAdapter - Downloaded http://repo.maven.apache.org/maven2/org/codehaus/plexus/plexus-utils/3.0/plexus-utils-3.0.jar
2014-10-08 16:21:20,926 [Worker-1] INFO  o.e.m.c.i.e.AbstractTransferListenerAdapter - Downloading http://repo.maven.apache.org/maven2/org/codehaus/plexus/plexus-compiler-api/1.9.1/plexus-compiler-api-1.9.1.jar
2014-10-08 16:21:20,963 [Worker-1] INFO  o.e.m.c.i.e.AbstractTransferListenerAdapter - Downloaded http://repo.maven.apache.org/maven2/org/codehaus/plexus/plexus-compiler-api/1.9.1/plexus-compiler-api-1.9.1.jar
2014-10-08 16:21:20,981 [Worker-1] INFO  o.e.m.c.i.e.AbstractTransferListenerAdapter - Downloading http://repo.maven.apache.org/maven2/org/codehaus/plexus/plexus-compiler-manager/1.9.1/plexus-compiler-manager-1.9.1.jar
2014-10-08 16:21:21,018 [Worker-1] INFO  o.e.m.c.i.e.AbstractTransferListenerAdapter - Downloaded http://repo.maven.apache.org/maven2/org/codehaus/plexus/plexus-compiler-manager/1.9.1/plexus-compiler-manager-1.9.1.jar
2014-10-08 16:21:21,035 [Worker-1] INFO  o.e.m.c.i.e.AbstractTransferListenerAdapter - Downloading http://repo.maven.apache.org/maven2/org/codehaus/plexus/plexus-compiler-javac/1.9.1/plexus-compiler-javac-1.9.1.jar
2014-10-08 16:21:21,073 [Worker-1] INFO  o.e.m.c.i.e.AbstractTransferListenerAdapter - Downloaded http://repo.maven.apache.org/maven2/org/codehaus/plexus/plexus-compiler-javac/1.9.1/plexus-compiler-javac-1.9.1.jar
2014-10-08 16:21:21,218 [Worker-1] INFO  o.e.m.c.i.l.LifecycleMappingFactory - Using org.maven.ide.eclipse.wtp.WarLifecycleMapping lifecycle mapping for MavenProject: com.google.appengine.demos:appengine-try-java:1.0 @ /Users/emilie/Documents/cs263/cs263project/appengine-try-java/pom.xml.
2014-10-08 16:21:22,112 [Worker-1] INFO  o.e.m.j.i.AbstractJavaProjectConfigurator - Adding source folder /appengine-try-java/src/main/java
2014-10-08 16:21:22,112 [Worker-1] INFO  o.e.m.j.i.AbstractJavaProjectConfigurator - Adding source folder /appengine-try-java/src/test/java
2014-10-08 16:21:22,725 [Worker-2] INFO  o.e.m.c.i.l.LifecycleMappingFactory - Using org.maven.ide.eclipse.wtp.WarLifecycleMapping lifecycle mapping for MavenProject: com.google.appengine.demos:appengine-try-java:1.0 @ /Users/emilie/Documents/cs263/cs263project/appengine-try-java/pom.xml.
2014-10-08 16:21:23,684 [Worker-1] INFO  o.e.m.c.i.e.AbstractTransferListenerAdapter - Downloaded http://repo.maven.apache.org/maven2/com/google/appengine/appengine-java-sdk/1.9.0-maven3.0/appengine-java-sdk-1.9.0-maven3.0.zip
2014-10-08 16:21:26,487 [Worker-1] INFO  o.e.m.c.i.p.ProjectConfigurationManager - Imported and configured 1 project(s) in 14 sec
2014-10-08 16:21:28,427 [Worker-6] INFO  o.e.m.c.i.l.LifecycleMappingFactory - Using org.maven.ide.eclipse.wtp.WarLifecycleMapping lifecycle mapping for MavenProject: com.google.appengine.demos:appengine-try-java:1.0 @ /Users/emilie/Documents/cs263/cs263project/appengine-try-java/pom.xml.
2014-10-08 16:21:28,530 [Worker-6] INFO  o.e.m.c.i.embedder.EclipseLogger - Using 'UTF-8' encoding to copy filtered resources.
2014-10-08 16:21:28,530 [Worker-6] INFO  o.e.m.c.i.embedder.EclipseLogger - skip non existing resourceDirectory /Users/emilie/Documents/cs263/cs263project/appengine-try-java/src/main/resources
2014-10-08 16:21:28,532 [Worker-6] INFO  o.e.m.c.i.embedder.EclipseLogger - Using 'UTF-8' encoding to copy filtered resources.
2014-10-08 16:21:28,532 [Worker-6] INFO  o.e.m.c.i.embedder.EclipseLogger - skip non existing resourceDirectory /Users/emilie/Documents/cs263/cs263project/appengine-try-java/src/test/resources
2014-10-08 16:21:28,534 [Worker-6] INFO  o.e.m.w.i.f.ResourceFilteringBuildParticipant - Executing resource filtering for appengine-try-java
2014-10-08 16:21:28,537 [Worker-6] WARN  o.e.m.c.i.embedder.EclipseLogger - The POM for com.google.appengine:appengine-maven-plugin:jar:1.9.0-maven3.0 is missing, no dependency information available
2014-10-08 16:21:28,540 [Worker-6] WARN  o.e.m.c.i.embedder.EclipseLogger - Failed to retrieve plugin descriptor for com.google.appengine:appengine-maven-plugin:1.9.0-maven3.0: Plugin com.google.appengine:appengine-maven-plugin:1.9.0-maven3.0 or one of its dependencies could not be resolved: Cannot access google-staging (https://oss.sonatype.org/content/repositories/comgoogleappengine-1004/) in offline mode and the artifact com.google.appengine:appengine-maven-plugin:jar:1.9.0-maven3.0 has not been downloaded from it before.
2014-10-08 16:21:28,541 [Worker-6] WARN  o.e.m.c.i.embedder.EclipseLogger - The POM for org.apache.maven.plugins:maven-clean-plugin:jar:2.5 is missing, no dependency information available
2014-10-08 16:21:28,544 [Worker-6] WARN  o.e.m.c.i.embedder.EclipseLogger - The POM for com.google.appengine:appengine-maven-plugin:jar:1.9.0-maven3.0 is missing, no dependency information available
2014-10-08 16:21:28,545 [Worker-6] WARN  o.e.m.c.i.embedder.EclipseLogger - Failed to retrieve plugin descriptor for com.google.appengine:appengine-maven-plugin:1.9.0-maven3.0: Plugin com.google.appengine:appengine-maven-plugin:1.9.0-maven3.0 or one of its dependencies could not be resolved: Cannot access google-staging (https://oss.sonatype.org/content/repositories/comgoogleappengine-1004/) in offline mode and the artifact com.google.appengine:appengine-maven-plugin:jar:1.9.0-maven3.0 has not been downloaded from it before.
2014-10-08 16:21:28,551 [Worker-6] INFO  o.e.m.c.i.embedder.EclipseLogger - Using 'UTF-8' encoding to copy filtered resources.
2014-10-08 16:21:28,556 [Worker-6] INFO  o.e.m.c.i.embedder.EclipseLogger - Copying 3 resources to WEB-INF
2014-10-08 16:21:28,594 [Worker-6] INFO  o.e.m.w.i.f.ResourceFilteringBuildParticipant - Executing resource filtering for appengine-try-java
2014-10-08 16:21:28,596 [Worker-6] WARN  o.e.m.c.i.embedder.EclipseLogger - The POM for com.google.appengine:appengine-maven-plugin:jar:1.9.0-maven3.0 is missing, no dependency information available
2014-10-08 16:21:28,597 [Worker-6] WARN  o.e.m.c.i.embedder.EclipseLogger - Failed to retrieve plugin descriptor for com.google.appengine:appengine-maven-plugin:1.9.0-maven3.0: Plugin com.google.appengine:appengine-maven-plugin:1.9.0-maven3.0 or one of its dependencies could not be resolved: Cannot access google-staging (https://oss.sonatype.org/content/repositories/comgoogleappengine-1004/) in offline mode and the artifact com.google.appengine:appengine-maven-plugin:jar:1.9.0-maven3.0 has not been downloaded from it before.
2014-10-08 16:21:28,599 [Worker-6] WARN  o.e.m.c.i.embedder.EclipseLogger - The POM for com.google.appengine:appengine-maven-plugin:jar:1.9.0-maven3.0 is missing, no dependency information available
2014-10-08 16:21:28,600 [Worker-6] WARN  o.e.m.c.i.embedder.EclipseLogger - Failed to retrieve plugin descriptor for com.google.appengine:appengine-maven-plugin:1.9.0-maven3.0: Plugin com.google.appengine:appengine-maven-plugin:1.9.0-maven3.0 or one of its dependencies could not be resolved: Cannot access google-staging (https://oss.sonatype.org/content/repositories/comgoogleappengine-1004/) in offline mode and the artifact com.google.appengine:appengine-maven-plugin:jar:1.9.0-maven3.0 has not been downloaded from it before.
2014-10-08 16:21:28,603 [Worker-6] INFO  o.e.m.c.i.embedder.EclipseLogger - Using 'UTF-8' encoding to copy filtered resources.
2014-10-08 16:21:28,603 [Worker-6] INFO  o.e.m.c.i.embedder.EclipseLogger - Copying 3 resources to WEB-INF
2014-10-08 16:31:28,394 [Worker-6] INFO  o.e.m.c.i.l.LifecycleMappingFactory - Using org.maven.ide.eclipse.wtp.WarLifecycleMapping lifecycle mapping for MavenProject: com.google.appengine.demos:appengine-try-java:1.0 @ /Users/emilie/Documents/cs263/cs263project/appengine-try-java/pom.xml.
2014-10-08 16:31:29,137 [Worker-6] INFO  o.e.m.c.i.embedder.EclipseLogger - Using 'UTF-8' encoding to copy filtered resources.
2014-10-08 16:31:29,137 [Worker-6] INFO  o.e.m.c.i.embedder.EclipseLogger - skip non existing resourceDirectory /Users/emilie/Documents/cs263/cs263project/appengine-try-java/src/main/resources
2014-10-08 16:31:29,140 [Worker-6] INFO  o.e.m.c.i.embedder.EclipseLogger - Using 'UTF-8' encoding to copy filtered resources.
2014-10-08 16:31:29,140 [Worker-6] INFO  o.e.m.c.i.embedder.EclipseLogger - skip non existing resourceDirectory /Users/emilie/Documents/cs263/cs263project/appengine-try-java/src/test/resources
2014-10-08 16:31:29,221 [Worker-6] INFO  o.e.m.w.i.f.ResourceFilteringBuildParticipant - Changed resources require a complete clean of filtered resources of appengine-try-java
2014-10-08 16:31:29,223 [Worker-6] INFO  o.e.m.w.i.f.ResourceFilteringBuildParticipant - Executing resource filtering for appengine-try-java
2014-10-08 16:31:29,228 [Worker-6] WARN  o.e.m.c.i.embedder.EclipseLogger - The POM for com.google.appengine:appengine-maven-plugin:jar:1.9.0-maven3.0 is missing, no dependency information available
2014-10-08 16:31:29,230 [Worker-6] WARN  o.e.m.c.i.embedder.EclipseLogger - Failed to retrieve plugin descriptor for com.google.appengine:appengine-maven-plugin:1.9.0-maven3.0: Plugin com.google.appengine:appengine-maven-plugin:1.9.0-maven3.0 or one of its dependencies could not be resolved: Cannot access google-staging (https://oss.sonatype.org/content/repositories/comgoogleappengine-1004/) in offline mode and the artifact com.google.appengine:appengine-maven-plugin:jar:1.9.0-maven3.0 has not been downloaded from it before.
2014-10-08 16:31:29,231 [Worker-6] WARN  o.e.m.c.i.embedder.EclipseLogger - The POM for org.apache.maven.plugins:maven-clean-plugin:jar:2.5 is missing, no dependency information available
2014-10-08 16:31:29,261 [Worker-6] WARN  o.e.m.c.i.embedder.EclipseLogger - The POM for com.google.appengine:appengine-maven-plugin:jar:1.9.0-maven3.0 is missing, no dependency information available
2014-10-08 16:31:29,262 [Worker-6] WARN  o.e.m.c.i.embedder.EclipseLogger - Failed to retrieve plugin descriptor for com.google.appengine:appengine-maven-plugin:1.9.0-maven3.0: Plugin com.google.appengine:appengine-maven-plugin:1.9.0-maven3.0 or one of its dependencies could not be resolved: Cannot access google-staging (https://oss.sonatype.org/content/repositories/comgoogleappengine-1004/) in offline mode and the artifact com.google.appengine:appengine-maven-plugin:jar:1.9.0-maven3.0 has not been downloaded from it before.
2014-10-08 16:31:29,269 [Worker-6] INFO  o.e.m.c.i.embedder.EclipseLogger - Using 'UTF-8' encoding to copy filtered resources.
2014-10-08 16:31:29,275 [Worker-6] INFO  o.e.m.c.i.embedder.EclipseLogger - Copying 3 resources to WEB-INF
2014-10-08 16:31:29,307 [Worker-6] INFO  o.e.m.w.i.f.ResourceFilteringBuildParticipant - Changed resources require a complete clean of filtered resources of appengine-try-java
2014-10-08 16:31:29,307 [Worker-6] INFO  o.e.m.w.i.f.ResourceFilteringBuildParticipant - Executing resource filtering for appengine-try-java
2014-10-08 16:31:29,310 [Worker-6] WARN  o.e.m.c.i.embedder.EclipseLogger - The POM for com.google.appengine:appengine-maven-plugin:jar:1.9.0-maven3.0 is missing, no dependency information available
2014-10-08 16:31:29,311 [Worker-6] WARN  o.e.m.c.i.embedder.EclipseLogger - Failed to retrieve plugin descriptor for com.google.appengine:appengine-maven-plugin:1.9.0-maven3.0: Plugin com.google.appengine:appengine-maven-plugin:1.9.0-maven3.0 or one of its dependencies could not be resolved: Cannot access google-staging (https://oss.sonatype.org/content/repositories/comgoogleappengine-1004/) in offline mode and the artifact com.google.appengine:appengine-maven-plugin:jar:1.9.0-maven3.0 has not been downloaded from it before.
2014-10-08 16:31:29,312 [Worker-6] WARN  o.e.m.c.i.embedder.EclipseLogger - The POM for com.google.appengine:appengine-maven-plugin:jar:1.9.0-maven3.0 is missing, no dependency information available
2014-10-08 16:31:29,313 [Worker-6] WARN  o.e.m.c.i.embedder.EclipseLogger - Failed to retrieve plugin descriptor for com.google.appengine:appengine-maven-plugin:1.9.0-maven3.0: Plugin com.google.appengine:appengine-maven-plugin:1.9.0-maven3.0 or one of its dependencies could not be resolved: Cannot access google-staging (https://oss.sonatype.org/content/repositories/comgoogleappengine-1004/) in offline mode and the artifact com.google.appengine:appengine-maven-plugin:jar:1.9.0-maven3.0 has not been downloaded from it before.
2014-10-08 16:31:29,317 [Worker-6] INFO  o.e.m.c.i.embedder.EclipseLogger - Using 'UTF-8' encoding to copy filtered resources.
2014-10-08 16:31:29,317 [Worker-6] INFO  o.e.m.c.i.embedder.EclipseLogger - Copying 3 resources to WEB-INF
2014-10-08 16:31:29,696 [Worker-8] INFO  o.e.m.c.i.embedder.EclipseLogger - Using 'UTF-8' encoding to copy filtered resources.
2014-10-08 16:31:29,696 [Worker-8] INFO  o.e.m.c.i.embedder.EclipseLogger - skip non existing resourceDirectory /Users/emilie/Documents/cs263/cs263project/appengine-try-java/src/main/resources
2014-10-08 16:31:29,697 [Worker-8] INFO  o.e.m.c.i.embedder.EclipseLogger - Using 'UTF-8' encoding to copy filtered resources.
2014-10-08 16:31:29,697 [Worker-8] INFO  o.e.m.c.i.embedder.EclipseLogger - skip non existing resourceDirectory /Users/emilie/Documents/cs263/cs263project/appengine-try-java/src/test/resources
2014-10-08 16:35:14,744 [Worker-8] INFO  o.e.m.c.i.l.LifecycleMappingFactory - Using org.maven.ide.eclipse.wtp.WarLifecycleMapping lifecycle mapping for MavenProject: com.google.appengine.demos:appengine-try-java:1.0 @ /Users/emilie/Documents/cs263/cs263project/appengine-try-java/pom.xml.
2014-10-08 16:35:14,848 [Worker-8] INFO  o.e.m.j.i.AbstractJavaProjectConfigurator - Adding source folder /appengine-try-java/src/main/java
2014-10-08 16:35:14,848 [Worker-8] INFO  o.e.m.j.i.AbstractJavaProjectConfigurator - Adding source folder /appengine-try-java/src/test/java
2014-10-08 16:35:17,279 [Worker-9] INFO  o.e.m.c.i.l.LifecycleMappingFactory - Using org.maven.ide.eclipse.wtp.WarLifecycleMapping lifecycle mapping for MavenProject: com.google.appengine.demos:appengine-try-java:1.0 @ /Users/emilie/Documents/cs263/cs263project/appengine-try-java/pom.xml.
2014-10-08 16:35:17,429 [Worker-8] INFO  o.e.m.c.i.p.ProjectConfigurationManager - Imported and configured 1 project(s) in 2 sec
2014-10-08 16:35:18,889 [Worker-10] INFO  o.e.m.c.i.l.LifecycleMappingFactory - Using org.maven.ide.eclipse.wtp.WarLifecycleMapping lifecycle mapping for MavenProject: com.google.appengine.demos:appengine-try-java:1.0 @ /Users/emilie/Documents/cs263/cs263project/appengine-try-java/pom.xml.
2014-10-08 16:35:19,020 [Worker-10] INFO  o.e.m.c.i.embedder.EclipseLogger - Using 'UTF-8' encoding to copy filtered resources.
2014-10-08 16:35:19,020 [Worker-10] INFO  o.e.m.c.i.embedder.EclipseLogger - skip non existing resourceDirectory /Users/emilie/Documents/cs263/cs263project/appengine-try-java/src/main/resources
2014-10-08 16:35:19,021 [Worker-10] INFO  o.e.m.c.i.embedder.EclipseLogger - Using 'UTF-8' encoding to copy filtered resources.
2014-10-08 16:35:19,021 [Worker-10] INFO  o.e.m.c.i.embedder.EclipseLogger - skip non existing resourceDirectory /Users/emilie/Documents/cs263/cs263project/appengine-try-java/src/test/resources
2014-10-08 16:35:19,022 [Worker-10] INFO  o.e.m.w.i.f.ResourceFilteringBuildParticipant - Executing resource filtering for appengine-try-java
2014-10-08 16:35:19,024 [Worker-10] WARN  o.e.m.c.i.embedder.EclipseLogger - The POM for com.google.appengine:appengine-maven-plugin:jar:1.9.0-maven3.0 is missing, no dependency information available
2014-10-08 16:35:19,025 [Worker-10] WARN  o.e.m.c.i.embedder.EclipseLogger - Failed to retrieve plugin descriptor for com.google.appengine:appengine-maven-plugin:1.9.0-maven3.0: Plugin com.google.appengine:appengine-maven-plugin:1.9.0-maven3.0 or one of its dependencies could not be resolved: Cannot access google-staging (https://oss.sonatype.org/content/repositories/comgoogleappengine-1004/) in offline mode and the artifact com.google.appengine:appengine-maven-plugin:jar:1.9.0-maven3.0 has not been downloaded from it before.
2014-10-08 16:35:19,027 [Worker-10] WARN  o.e.m.c.i.embedder.EclipseLogger - The POM for com.google.appengine:appengine-maven-plugin:jar:1.9.0-maven3.0 is missing, no dependency information available
2014-10-08 16:35:19,028 [Worker-10] WARN  o.e.m.c.i.embedder.EclipseLogger - Failed to retrieve plugin descriptor for com.google.appengine:appengine-maven-plugin:1.9.0-maven3.0: Plugin com.google.appengine:appengine-maven-plugin:1.9.0-maven3.0 or one of its dependencies could not be resolved: Cannot access google-staging (https://oss.sonatype.org/content/repositories/comgoogleappengine-1004/) in offline mode and the artifact com.google.appengine:appengine-maven-plugin:jar:1.9.0-maven3.0 has not been downloaded from it before.
2014-10-08 16:35:19,033 [Worker-10] INFO  o.e.m.c.i.embedder.EclipseLogger - Using 'UTF-8' encoding to copy filtered resources.
2014-10-08 16:35:19,033 [Worker-10] INFO  o.e.m.c.i.embedder.EclipseLogger - Copying 3 resources to WEB-INF
2014-10-08 16:35:19,037 [Worker-10] INFO  o.e.m.w.i.f.ResourceFilteringBuildParticipant - Executing resource filtering for appengine-try-java
2014-10-08 16:35:19,046 [Worker-10] WARN  o.e.m.c.i.embedder.EclipseLogger - The POM for com.google.appengine:appengine-maven-plugin:jar:1.9.0-maven3.0 is missing, no dependency information available
2014-10-08 16:35:19,047 [Worker-10] WARN  o.e.m.c.i.embedder.EclipseLogger - Failed to retrieve plugin descriptor for com.google.appengine:appengine-maven-plugin:1.9.0-maven3.0: Plugin com.google.appengine:appengine-maven-plugin:1.9.0-maven3.0 or one of its dependencies could not be resolved: Cannot access google-staging (https://oss.sonatype.org/content/repositories/comgoogleappengine-1004/) in offline mode and the artifact com.google.appengine:appengine-maven-plugin:jar:1.9.0-maven3.0 has not been downloaded from it before.
2014-10-08 16:35:19,049 [Worker-10] WARN  o.e.m.c.i.embedder.EclipseLogger - The POM for com.google.appengine:appengine-maven-plugin:jar:1.9.0-maven3.0 is missing, no dependency information available
2014-10-08 16:35:19,050 [Worker-10] WARN  o.e.m.c.i.embedder.EclipseLogger - Failed to retrieve plugin descriptor for com.google.appengine:appengine-maven-plugin:1.9.0-maven3.0: Plugin com.google.appengine:appengine-maven-plugin:1.9.0-maven3.0 or one of its dependencies could not be resolved: Cannot access google-staging (https://oss.sonatype.org/content/repositories/comgoogleappengine-1004/) in offline mode and the artifact com.google.appengine:appengine-maven-plugin:jar:1.9.0-maven3.0 has not been downloaded from it before.
2014-10-08 16:35:19,053 [Worker-10] INFO  o.e.m.c.i.embedder.EclipseLogger - Using 'UTF-8' encoding to copy filtered resources.
2014-10-08 16:35:19,053 [Worker-10] INFO  o.e.m.c.i.embedder.EclipseLogger - Copying 3 resources to WEB-INF
2014-10-08 16:38:50,025 [Worker-11] INFO  o.e.m.c.i.l.LifecycleMappingFactory - Using org.maven.ide.eclipse.wtp.WarLifecycleMapping lifecycle mapping for MavenProject: com.google.appengine.demos:appengine-try-java:1.0 @ /Users/emilie/Documents/cs263/cs263project/appengine-try-java/pom.xml.
2014-10-08 16:38:50,439 [Worker-9] INFO  o.e.m.c.i.embedder.EclipseLogger - Using 'UTF-8' encoding to copy filtered resources.
2014-10-08 16:38:50,440 [Worker-9] INFO  o.e.m.c.i.embedder.EclipseLogger - skip non existing resourceDirectory /Users/emilie/Documents/cs263/cs263project/appengine-try-java/src/main/resources
2014-10-08 16:38:50,441 [Worker-9] INFO  o.e.m.c.i.embedder.EclipseLogger - Using 'UTF-8' encoding to copy filtered resources.
2014-10-08 16:38:50,441 [Worker-9] INFO  o.e.m.c.i.embedder.EclipseLogger - skip non existing resourceDirectory /Users/emilie/Documents/cs263/cs263project/appengine-try-java/src/test/resources
2014-10-08 19:43:55,295 [Worker-3] INFO  o.e.m.c.i.l.LifecycleMappingFactory - Using org.maven.ide.eclipse.wtp.WarLifecycleMapping lifecycle mapping for MavenProject: com.google.appengine.demos:appengine-try-java:1.0 @ /Users/emilie/Documents/cs263/cs263project/appengine-try-java/pom.xml.
2014-10-08 19:43:56,385 [Worker-3] INFO  o.e.m.c.i.embedder.EclipseLogger - Using 'UTF-8' encoding to copy filtered resources.
2014-10-08 19:43:56,386 [Worker-3] INFO  o.e.m.c.i.embedder.EclipseLogger - skip non existing resourceDirectory /Users/emilie/Documents/cs263/cs263project/appengine-try-java/src/main/resources
2014-10-08 19:43:56,388 [Worker-3] INFO  o.e.m.c.i.embedder.EclipseLogger - Using 'UTF-8' encoding to copy filtered resources.
2014-10-08 19:43:56,388 [Worker-3] INFO  o.e.m.c.i.embedder.EclipseLogger - skip non existing resourceDirectory /Users/emilie/Documents/cs263/cs263project/appengine-try-java/src/test/resources
2014-10-08 19:43:56,391 [Worker-3] INFO  o.e.m.w.i.f.ResourceFilteringBuildParticipant - Executing resource filtering for appengine-try-java
2014-10-08 19:43:56,394 [Worker-3] WARN  o.e.m.c.i.embedder.EclipseLogger - The POM for com.google.appengine:appengine-maven-plugin:jar:1.9.0-maven3.0 is missing, no dependency information available
2014-10-08 19:43:56,396 [Worker-3] WARN  o.e.m.c.i.embedder.EclipseLogger - Failed to retrieve plugin descriptor for com.google.appengine:appengine-maven-plugin:1.9.0-maven3.0: Plugin com.google.appengine:appengine-maven-plugin:1.9.0-maven3.0 or one of its dependencies could not be resolved: Cannot access google-staging (https://oss.sonatype.org/content/repositories/comgoogleappengine-1004/) in offline mode and the artifact com.google.appengine:appengine-maven-plugin:jar:1.9.0-maven3.0 has not been downloaded from it before.
2014-10-08 19:43:56,397 [Worker-3] WARN  o.e.m.c.i.embedder.EclipseLogger - The POM for org.apache.maven.plugins:maven-clean-plugin:jar:2.5 is missing, no dependency information available
2014-10-08 19:43:56,400 [Worker-3] WARN  o.e.m.c.i.embedder.EclipseLogger - The POM for com.google.appengine:appengine-maven-plugin:jar:1.9.0-maven3.0 is missing, no dependency information available
2014-10-08 19:43:56,400 [Worker-3] WARN  o.e.m.c.i.embedder.EclipseLogger - Failed to retrieve plugin descriptor for com.google.appengine:appengine-maven-plugin:1.9.0-maven3.0: Plugin com.google.appengine:appengine-maven-plugin:1.9.0-maven3.0 or one of its dependencies could not be resolved: Cannot access google-staging (https://oss.sonatype.org/content/repositories/comgoogleappengine-1004/) in offline mode and the artifact com.google.appengine:appengine-maven-plugin:jar:1.9.0-maven3.0 has not been downloaded from it before.
2014-10-08 19:43:56,407 [Worker-3] INFO  o.e.m.c.i.embedder.EclipseLogger - Using 'UTF-8' encoding to copy filtered resources.
2014-10-08 19:43:56,411 [Worker-3] INFO  o.e.m.c.i.embedder.EclipseLogger - Copying 3 resources to WEB-INF
2014-10-08 19:43:56,430 [Worker-3] INFO  o.e.m.w.i.f.ResourceFilteringBuildParticipant - Executing resource filtering for appengine-try-java
2014-10-08 19:43:56,432 [Worker-3] WARN  o.e.m.c.i.embedder.EclipseLogger - The POM for com.google.appengine:appengine-maven-plugin:jar:1.9.0-maven3.0 is missing, no dependency information available
2014-10-08 19:43:56,433 [Worker-3] WARN  o.e.m.c.i.embedder.EclipseLogger - Failed to retrieve plugin descriptor for com.google.appengine:appengine-maven-plugin:1.9.0-maven3.0: Plugin com.google.appengine:appengine-maven-plugin:1.9.0-maven3.0 or one of its dependencies could not be resolved: Cannot access google-staging (https://oss.sonatype.org/content/repositories/comgoogleappengine-1004/) in offline mode and the artifact com.google.appengine:appengine-maven-plugin:jar:1.9.0-maven3.0 has not been downloaded from it before.
2014-10-08 19:43:56,434 [Worker-3] WARN  o.e.m.c.i.embedder.EclipseLogger - The POM for com.google.appengine:appengine-maven-plugin:jar:1.9.0-maven3.0 is missing, no dependency information available
2014-10-08 19:43:56,435 [Worker-3] WARN  o.e.m.c.i.embedder.EclipseLogger - Failed to retrieve plugin descriptor for com.google.appengine:appengine-maven-plugin:1.9.0-maven3.0: Plugin com.google.appengine:appengine-maven-plugin:1.9.0-maven3.0 or one of its dependencies could not be resolved: Cannot access google-staging (https://oss.sonatype.org/content/repositories/comgoogleappengine-1004/) in offline mode and the artifact com.google.appengine:appengine-maven-plugin:jar:1.9.0-maven3.0 has not been downloaded from it before.
2014-10-08 19:43:56,438 [Worker-3] INFO  o.e.m.c.i.embedder.EclipseLogger - Using 'UTF-8' encoding to copy filtered resources.
2014-10-08 19:43:56,438 [Worker-3] INFO  o.e.m.c.i.embedder.EclipseLogger - Copying 3 resources to WEB-INF
2014-10-08 19:43:57,129 [Worker-3] INFO  o.e.m.c.i.embedder.EclipseLogger - Using 'UTF-8' encoding to copy filtered resources.
2014-10-08 19:43:57,130 [Worker-3] INFO  o.e.m.c.i.embedder.EclipseLogger - skip non existing resourceDirectory /Users/emilie/Documents/cs263/cs263project/appengine-try-java/src/main/resources
2014-10-08 19:43:57,132 [Worker-3] INFO  o.e.m.c.i.embedder.EclipseLogger - Using 'UTF-8' encoding to copy filtered resources.
2014-10-08 19:43:57,132 [Worker-3] INFO  o.e.m.c.i.embedder.EclipseLogger - skip non existing resourceDirectory /Users/emilie/Documents/cs263/cs263project/appengine-try-java/src/test/resources
2014-10-08 19:43:57,133 [Worker-3] INFO  o.e.m.w.i.f.ResourceFilteringBuildParticipant - Executing resource filtering for appengine-try-java
2014-10-08 19:43:57,135 [Worker-3] WARN  o.e.m.c.i.embedder.EclipseLogger - The POM for com.google.appengine:appengine-maven-plugin:jar:1.9.0-maven3.0 is missing, no dependency information available
2014-10-08 19:43:57,137 [Worker-3] WARN  o.e.m.c.i.embedder.EclipseLogger - Failed to retrieve plugin descriptor for com.google.appengine:appengine-maven-plugin:1.9.0-maven3.0: Plugin com.google.appengine:appengine-maven-plugin:1.9.0-maven3.0 or one of its dependencies could not be resolved: Cannot access google-staging (https://oss.sonatype.org/content/repositories/comgoogleappengine-1004/) in offline mode and the artifact com.google.appengine:appengine-maven-plugin:jar:1.9.0-maven3.0 has not been downloaded from it before.
2014-10-08 19:43:57,138 [Worker-3] WARN  o.e.m.c.i.embedder.EclipseLogger - The POM for com.google.appengine:appengine-maven-plugin:jar:1.9.0-maven3.0 is missing, no dependency information available
2014-10-08 19:43:57,139 [Worker-3] WARN  o.e.m.c.i.embedder.EclipseLogger - Failed to retrieve plugin descriptor for com.google.appengine:appengine-maven-plugin:1.9.0-maven3.0: Plugin com.google.appengine:appengine-maven-plugin:1.9.0-maven3.0 or one of its dependencies could not be resolved: Cannot access google-staging (https://oss.sonatype.org/content/repositories/comgoogleappengine-1004/) in offline mode and the artifact com.google.appengine:appengine-maven-plugin:jar:1.9.0-maven3.0 has not been downloaded from it before.
2014-10-08 19:43:57,142 [Worker-3] INFO  o.e.m.c.i.embedder.EclipseLogger - Using 'UTF-8' encoding to copy filtered resources.
2014-10-08 19:43:57,143 [Worker-3] INFO  o.e.m.c.i.embedder.EclipseLogger - Copying 3 resources to WEB-INF
2014-10-08 19:43:57,148 [Worker-3] INFO  o.e.m.w.i.f.ResourceFilteringBuildParticipant - Executing resource filtering for appengine-try-java
2014-10-08 19:43:57,150 [Worker-3] WARN  o.e.m.c.i.embedder.EclipseLogger - The POM for com.google.appengine:appengine-maven-plugin:jar:1.9.0-maven3.0 is missing, no dependency information available
2014-10-08 19:43:57,151 [Worker-3] WARN  o.e.m.c.i.embedder.EclipseLogger - Failed to retrieve plugin descriptor for com.google.appengine:appengine-maven-plugin:1.9.0-maven3.0: Plugin com.google.appengine:appengine-maven-plugin:1.9.0-maven3.0 or one of its dependencies could not be resolved: Cannot access google-staging (https://oss.sonatype.org/content/repositories/comgoogleappengine-1004/) in offline mode and the artifact com.google.appengine:appengine-maven-plugin:jar:1.9.0-maven3.0 has not been downloaded from it before.
2014-10-08 19:43:57,153 [Worker-3] WARN  o.e.m.c.i.embedder.EclipseLogger - The POM for com.google.appengine:appengine-maven-plugin:jar:1.9.0-maven3.0 is missing, no dependency information available
2014-10-08 19:43:57,154 [Worker-3] WARN  o.e.m.c.i.embedder.EclipseLogger - Failed to retrieve plugin descriptor for com.google.appengine:appengine-maven-plugin:1.9.0-maven3.0: Plugin com.google.appengine:appengine-maven-plugin:1.9.0-maven3.0 or one of its dependencies could not be resolved: Cannot access google-staging (https://oss.sonatype.org/content/repositories/comgoogleappengine-1004/) in offline mode and the artifact com.google.appengine:appengine-maven-plugin:jar:1.9.0-maven3.0 has not been downloaded from it before.
2014-10-08 19:43:57,157 [Worker-3] INFO  o.e.m.c.i.embedder.EclipseLogger - Using 'UTF-8' encoding to copy filtered resources.
2014-10-08 19:43:57,157 [Worker-3] INFO  o.e.m.c.i.embedder.EclipseLogger - Copying 3 resources to WEB-INF
2014-10-08 19:44:02,522 [Worker-3] INFO  o.e.m.c.i.embedder.EclipseLogger - Using 'UTF-8' encoding to copy filtered resources.
2014-10-08 19:44:02,523 [Worker-3] INFO  o.e.m.c.i.embedder.EclipseLogger - skip non existing resourceDirectory /Users/emilie/Documents/cs263/cs263project/appengine-try-java/src/main/resources
2014-10-08 19:44:02,524 [Worker-3] INFO  o.e.m.c.i.embedder.EclipseLogger - Using 'UTF-8' encoding to copy filtered resources.
2014-10-08 19:44:02,524 [Worker-3] INFO  o.e.m.c.i.embedder.EclipseLogger - skip non existing resourceDirectory /Users/emilie/Documents/cs263/cs263project/appengine-try-java/src/test/resources
2014-10-08 19:59:30,949 [Worker-8] INFO  o.e.m.c.i.embedder.EclipseLogger - Using 'UTF-8' encoding to copy filtered resources.
2014-10-08 19:59:30,949 [Worker-8] INFO  o.e.m.c.i.embedder.EclipseLogger - skip non existing resourceDirectory /Users/emilie/Documents/cs263/cs263project/appengine-try-java/src/main/resources
2014-10-08 19:59:30,951 [Worker-8] INFO  o.e.m.c.i.embedder.EclipseLogger - Using 'UTF-8' encoding to copy filtered resources.
2014-10-08 19:59:30,951 [Worker-8] INFO  o.e.m.c.i.embedder.EclipseLogger - skip non existing resourceDirectory /Users/emilie/Documents/cs263/cs263project/appengine-try-java/src/test/resources
